2026-03-25 04:19:25.271 +02:00 [INF] Now listening on: https://localhost:7180
2026-03-25 04:19:25.360 +02:00 [INF] Now listening on: http://localhost:5198
2026-03-25 04:19:25.434 +02:00 [INF] Application started. Press Ctrl+C to shut down.
2026-03-25 04:19:25.437 +02:00 [INF] Hosting environment: Development
2026-03-25 04:19:25.438 +02:00 [INF] Content root path: C:\Users\Christena\Koky\InventorySystem
2026-03-25 05:26:57.678 +02:00 [INF] Now listening on: https://localhost:7180
2026-03-25 05:26:57.778 +02:00 [INF] Now listening on: http://localhost:5198
2026-03-25 05:26:57.877 +02:00 [INF] Application started. Press Ctrl+C to shut down.
2026-03-25 05:26:57.879 +02:00 [INF] Hosting environment: Development
2026-03-25 05:26:57.880 +02:00 [INF] Content root path: C:\Users\Christena\Koky\InventorySystem
2026-03-25 05:28:24.803 +02:00 [WRN] The query uses a row limiting operator ('Skip'/'Take') without an 'OrderBy' operator. This may lead to unpredictable results. If the 'Distinct' operator is used after 'OrderBy', then make sure to use the 'OrderBy' operator after 'Distinct' as the ordering would otherwise get erased.
2026-03-25 05:28:24.808 +02:00 [WRN] The query uses a row limiting operator ('Skip'/'Take') without an 'OrderBy' operator. This may lead to unpredictable results. If the 'Distinct' operator is used after 'OrderBy', then make sure to use the 'OrderBy' operator after 'Distinct' as the ordering would otherwise get erased.
2026-03-25 05:28:39.055 +02:00 [WRN] The query uses a row limiting operator ('Skip'/'Take') without an 'OrderBy' operator. This may lead to unpredictable results. If the 'Distinct' operator is used after 'OrderBy', then make sure to use the 'OrderBy' operator after 'Distinct' as the ordering would otherwise get erased.
2026-03-25 05:28:39.057 +02:00 [WRN] The query uses a row limiting operator ('Skip'/'Take') without an 'OrderBy' operator. This may lead to unpredictable results. If the 'Distinct' operator is used after 'OrderBy', then make sure to use the 'OrderBy' operator after 'Distinct' as the ordering would otherwise get erased.
2026-03-25 05:38:42.389 +02:00 [INF] Now listening on: https://localhost:7180
2026-03-25 05:38:42.477 +02:00 [INF] Now listening on: http://localhost:5198
2026-03-25 05:38:42.572 +02:00 [INF] Application started. Press Ctrl+C to shut down.
2026-03-25 05:38:42.573 +02:00 [INF] Hosting environment: Development
2026-03-25 05:38:42.574 +02:00 [INF] Content root path: C:\Users\Christena\Koky\InventorySystem
2026-03-25 05:39:01.019 +02:00 [WRN] The query uses a row limiting operator ('Skip'/'Take') without an 'OrderBy' operator. This may lead to unpredictable results. If the 'Distinct' operator is used after 'OrderBy', then make sure to use the 'OrderBy' operator after 'Distinct' as the ordering would otherwise get erased.
2026-03-25 05:39:01.023 +02:00 [WRN] The query uses a row limiting operator ('Skip'/'Take') without an 'OrderBy' operator. This may lead to unpredictable results. If the 'Distinct' operator is used after 'OrderBy', then make sure to use the 'OrderBy' operator after 'Distinct' as the ordering would otherwise get erased.
2026-03-25 05:41:33.156 +02:00 [INF] Now listening on: https://localhost:7180
2026-03-25 05:41:33.222 +02:00 [INF] Now listening on: http://localhost:5198
2026-03-25 05:41:33.466 +02:00 [INF] Application started. Press Ctrl+C to shut down.
2026-03-25 05:41:33.468 +02:00 [INF] Hosting environment: Development
2026-03-25 05:41:33.474 +02:00 [INF] Content root path: C:\Users\Christena\Koky\InventorySystem
2026-03-25 05:42:38.647 +02:00 [WRN] The query uses a row limiting operator ('Skip'/'Take') without an 'OrderBy' operator. This may lead to unpredictable results. If the 'Distinct' operator is used after 'OrderBy', then make sure to use the 'OrderBy' operator after 'Distinct' as the ordering would otherwise get erased.
2026-03-25 05:42:38.652 +02:00 [WRN] The query uses a row limiting operator ('Skip'/'Take') without an 'OrderBy' operator. This may lead to unpredictable results. If the 'Distinct' operator is used after 'OrderBy', then make sure to use the 'OrderBy' operator after 'Distinct' as the ordering would otherwise get erased.
2026-03-25 05:43:57.719 +02:00 [INF] Now listening on: https://localhost:7180
2026-03-25 05:43:57.771 +02:00 [INF] Now listening on: http://localhost:5198
2026-03-25 05:43:57.845 +02:00 [INF] Application started. Press Ctrl+C to shut down.
2026-03-25 05:43:57.850 +02:00 [INF] Hosting environment: Development
2026-03-25 05:43:57.853 +02:00 [INF] Content root path: C:\Users\Christena\Koky\InventorySystem
2026-03-25 05:44:31.114 +02:00 [WRN] The query uses a row limiting operator ('Skip'/'Take') without an 'OrderBy' operator. This may lead to unpredictable results. If the 'Distinct' operator is used after 'OrderBy', then make sure to use the 'OrderBy' operator after 'Distinct' as the ordering would otherwise get erased.
2026-03-25 05:44:31.120 +02:00 [WRN] The query uses a row limiting operator ('Skip'/'Take') without an 'OrderBy' operator. This may lead to unpredictable results. If the 'Distinct' operator is used after 'OrderBy', then make sure to use the 'OrderBy' operator after 'Distinct' as the ordering would otherwise get erased.
2026-03-25 05:46:06.116 +02:00 [INF] Now listening on: https://localhost:7180
2026-03-25 05:46:06.171 +02:00 [INF] Now listening on: http://localhost:5198
2026-03-25 05:46:06.417 +02:00 [INF] Application started. Press Ctrl+C to shut down.
2026-03-25 05:46:06.419 +02:00 [INF] Hosting environment: Development
2026-03-25 05:46:06.420 +02:00 [INF] Content root path: C:\Users\Christena\Koky\InventorySystem
2026-03-25 05:46:26.365 +02:00 [WRN] The query uses a row limiting operator ('Skip'/'Take') without an 'OrderBy' operator. This may lead to unpredictable results. If the 'Distinct' operator is used after 'OrderBy', then make sure to use the 'OrderBy' operator after 'Distinct' as the ordering would otherwise get erased.
2026-03-25 05:46:26.370 +02:00 [WRN] The query uses a row limiting operator ('Skip'/'Take') without an 'OrderBy' operator. This may lead to unpredictable results. If the 'Distinct' operator is used after 'OrderBy', then make sure to use the 'OrderBy' operator after 'Distinct' as the ordering would otherwise get erased.
2026-03-25 05:46:59.376 +02:00 [INF] Now listening on: https://localhost:7180
2026-03-25 05:46:59.451 +02:00 [INF] Now listening on: http://localhost:5198
2026-03-25 05:46:59.574 +02:00 [INF] Application started. Press Ctrl+C to shut down.
2026-03-25 05:46:59.579 +02:00 [INF] Hosting environment: Development
2026-03-25 05:46:59.580 +02:00 [INF] Content root path: C:\Users\Christena\Koky\InventorySystem
2026-03-25 05:47:12.462 +02:00 [WRN] The query uses a row limiting operator ('Skip'/'Take') without an 'OrderBy' operator. This may lead to unpredictable results. If the 'Distinct' operator is used after 'OrderBy', then make sure to use the 'OrderBy' operator after 'Distinct' as the ordering would otherwise get erased.
2026-03-25 05:47:12.474 +02:00 [WRN] The query uses a row limiting operator ('Skip'/'Take') without an 'OrderBy' operator. This may lead to unpredictable results. If the 'Distinct' operator is used after 'OrderBy', then make sure to use the 'OrderBy' operator after 'Distinct' as the ordering would otherwise get erased.
2026-03-25 23:30:43.039 +02:00 [INF] Now listening on: https://localhost:7180
2026-03-25 23:30:43.103 +02:00 [INF] Now listening on: http://localhost:5198
2026-03-25 23:30:43.359 +02:00 [INF] Application started. Press Ctrl+C to shut down.
2026-03-25 23:30:43.368 +02:00 [INF] Hosting environment: Development
2026-03-25 23:30:43.371 +02:00 [INF] Content root path: C:\Users\Christena\Koky\InventorySystem
